<?xml version="1.0" encoding="UTF-8"?>
<coverage generated="1772894200633" clover="3.2.0">
  <project timestamp="1772894200633" name="All files">
    <metrics statements="61" coveredstatements="47" conditionals="1" coveredconditionals="0" methods="13" coveredmethods="8" elements="75" coveredelements="55" complexity="0" loc="61" ncloc="61" packages="2" files="4" classes="4"/>
    <package name="models">
      <metrics statements="3" coveredstatements="3" conditionals="0" coveredconditionals="0" methods="0" coveredmethods="0"/>
      <file name="Wallet.ts" path="D:\Projects\ClassicalQuantum\backend\src\models\Wallet.ts">
        <metrics statements="3" coveredstatements="3" conditionals="0" coveredconditionals="0" methods="0" coveredmethods="0"/>
        <line num="1" count="1" type="stmt"/>
        <line num="22" count="1" type="stmt"/>
        <line num="90" count="1" type="stmt"/>
      </file>
    </package>
    <package name="services">
      <metrics statements="58" coveredstatements="44" conditionals="1" coveredconditionals="0" methods="13" coveredmethods="8"/>
      <file name="DilithiumCrypto.ts" path="D:\Projects\ClassicalQuantum\backend\src\services\DilithiumCrypto.ts">
        <metrics statements="8" coveredstatements="4" conditionals="0" coveredconditionals="0" methods="3" coveredmethods="1"/>
        <line num="1" count="1" type="stmt"/>
        <line num="4" count="1" type="stmt"/>
        <line num="8" count="512" type="stmt"/>
        <line num="13" count="512" type="stmt"/>
        <line num="17" count="0" type="stmt"/>
        <line num="20" count="0" type="stmt"/>
        <line num="25" count="0" type="stmt"/>
        <line num="27" count="0" type="stmt"/>
      </file>
      <file name="ECDSACrypto.ts" path="D:\Projects\ClassicalQuantum\backend\src\services\ECDSACrypto.ts">
        <metrics statements="10" coveredstatements="5" conditionals="0" coveredconditionals="0" methods="4" coveredmethods="2"/>
        <line num="1" count="1" type="stmt"/>
        <line num="5" count="1" type="stmt"/>
        <line num="10" count="1" type="stmt"/>
        <line num="15" count="512" type="stmt"/>
        <line num="17" count="512" type="stmt"/>
        <line num="25" count="0" type="stmt"/>
        <line num="26" count="0" type="stmt"/>
        <line num="28" count="0" type="stmt"/>
        <line num="36" count="0" type="stmt"/>
        <line num="37" count="0" type="stmt"/>
      </file>
      <file name="KeyManager.ts" path="D:\Projects\ClassicalQuantum\backend\src\services\KeyManager.ts">
        <metrics statements="40" coveredstatements="35" conditionals="1" coveredconditionals="0" methods="6" coveredmethods="5"/>
        <line num="1" count="1" type="stmt"/>
        <line num="2" count="1" type="stmt"/>
        <line num="3" count="1" type="stmt"/>
        <line num="5" count="1" type="stmt"/>
        <line num="6" count="1" type="stmt"/>
        <line num="7" count="1" type="stmt"/>
        <line num="8" count="1" type="stmt"/>
        <line num="10" count="1" type="stmt"/>
        <line num="19" count="512" type="stmt"/>
        <line num="20" count="512" type="stmt"/>
        <line num="22" count="512" type="stmt"/>
        <line num="25" count="512" type="stmt"/>
        <line num="32" count="512" type="stmt"/>
        <line num="33" count="512" type="stmt"/>
        <line num="34" count="512" type="stmt"/>
        <line num="35" count="512" type="stmt"/>
        <line num="36" count="512" type="stmt"/>
        <line num="37" count="512" type="stmt"/>
        <line num="39" count="512" type="stmt"/>
        <line num="40" count="512" type="stmt"/>
        <line num="42" count="512" type="stmt"/>
        <line num="51" count="316" type="stmt"/>
        <line num="52" count="316" type="stmt"/>
        <line num="53" count="316" type="stmt"/>
        <line num="54" count="316" type="stmt"/>
        <line num="56" count="316" type="stmt"/>
        <line num="59" count="316" type="stmt"/>
        <line num="60" count="316" type="stmt"/>
        <line num="61" count="316" type="stmt"/>
        <line num="63" count="316" type="stmt"/>
        <line num="65" count="0" type="stmt"/>
        <line num="70" count="350" type="stmt"/>
        <line num="71" count="350" type="stmt"/>
        <line num="87" count="320" type="stmt"/>
        <line num="89" count="30" type="stmt"/>
        <line num="90" count="30" type="stmt"/>
        <line num="99" count="0" type="stmt"/>
        <line num="100" count="0" type="cond" truecount="0" falsecount="1"/>
        <line num="102" count="0" type="stmt"/>
        <line num="105" count="0" type="stmt"/>
      </file>
    </package>
  </project>
</coverage>
