<?xml version="1.0" encoding="UTF-8"?>
<coverage generated="1772738914893" clover="3.2.0">
  <project timestamp="1772738914893" name="All files">
    <metrics statements="10" coveredstatements="10" conditionals="0" coveredconditionals="0" methods="4" coveredmethods="4" elements="14" coveredelements="14" complexity="0" loc="10" ncloc="10" packages="1" files="1" classes="1"/>
    <file name="ECDSACrypto.ts" path="D:\Projects\ClassicalQuantum\backend\src\services\ECDSACrypto.ts">
      <metrics statements="10" coveredstatements="10" conditionals="0" coveredconditionals="0" methods="4" coveredmethods="4"/>
      <line num="1" count="1" type="stmt"/>
      <line num="5" count="1" type="stmt"/>
      <line num="10" count="1" type="stmt"/>
      <line num="15" count="200" type="stmt"/>
      <line num="17" count="200" type="stmt"/>
      <line num="25" count="100" type="stmt"/>
      <line num="26" count="100" type="stmt"/>
      <line num="28" count="100" type="stmt"/>
      <line num="36" count="100" type="stmt"/>
      <line num="37" count="100" type="stmt"/>
    </file>
  </project>
</coverage>
