{"D:\\Projects\\ClassicalQuantum\\backend\\src\\services\\ECDSACrypto.ts": {"path":"D:\\Projects\\ClassicalQuantum\\backend\\src\\services\\ECDSACrypto.ts","statementMap":{"0":{"start":{"line":1,"column":0},"end":{"line":1,"column":36}},"1":{"start":{"line":10,"column":4},"end":{"line":10,"column":34}},"2":{"start":{"line":15,"column":20},"end":{"line":15,"column":40}},"3":{"start":{"line":17,"column":4},"end":{"line":20,"column":6}},"4":{"start":{"line":25,"column":16},"end":{"line":25,"column":50}},"5":{"start":{"line":26,"column":22},"end":{"line":26,"column":36}},"6":{"start":{"line":28,"column":4},"end":{"line":31,"column":6}},"7":{"start":{"line":36,"column":16},"end":{"line":36,"column":55}},"8":{"start":{"line":37,"column":4},"end":{"line":37,"column":39}},"9":{"start":{"line":5,"column":0},"end":{"line":5,"column":13}}},"fnMap":{"0":{"name":"(anonymous_0)","decl":{"start":{"line":8,"column":2},"end":{"line":8,"column":null}},"loc":{"start":{"line":8,"column":2},"end":{"line":11,"column":3}}},"1":{"name":"(anonymous_1)","decl":{"start":{"line":14,"column":2},"end":{"line":14,"column":17}},"loc":{"start":{"line":14,"column":17},"end":{"line":21,"column":3}}},"2":{"name":"(anonymous_2)","decl":{"start":{"line":24,"column":2},"end":{"line":24,"column":6}},"loc":{"start":{"line":24,"column":39},"end":{"line":32,"column":3}}},"3":{"name":"(anonymous_3)","decl":{"start":{"line":35,"column":2},"end":{"line":35,"column":8}},"loc":{"start":{"line":35,"column":62},"end":{"line":38,"column":3}}}},"branchMap":{},"s":{"0":1,"1":1,"2":200,"3":200,"4":100,"5":100,"6":100,"7":100,"8":100,"9":1},"f":{"0":1,"1":200,"2":100,"3":100},"b":{}}
}
