TN:
SF:src\models\Wallet.ts
FNF:0
FNH:0
DA:1,1
DA:22,1
DA:90,1
LF:3
LH:3
BRF:0
BRH:0
end_of_record
TN:
SF:src\services\DilithiumCrypto.ts
FN:6,(anonymous_1)
FN:16,(anonymous_2)
FN:24,(anonymous_3)
FNF:3
FNH:1
FNDA:512,(anonymous_1)
FNDA:0,(anonymous_2)
FNDA:0,(anonymous_3)
DA:1,1
DA:4,1
DA:8,512
DA:13,512
DA:17,0
DA:20,0
DA:25,0
DA:27,0
LF:8
LH:4
BRF:0
BRH:0
end_of_record
TN:
SF:src\services\ECDSACrypto.ts
FN:8,(anonymous_0)
FN:14,(anonymous_1)
FN:24,(anonymous_2)
FN:35,(anonymous_3)
FNF:4
FNH:2
FNDA:1,(anonymous_0)
FNDA:512,(anonymous_1)
FNDA:0,(anonymous_2)
FNDA:0,(anonymous_3)
DA:1,1
DA:5,1
DA:10,1
DA:15,512
DA:17,512
DA:25,0
DA:26,0
DA:28,0
DA:36,0
DA:37,0
LF:10
LH:5
BRF:0
BRH:0
end_of_record
TN:
SF:src\services\KeyManager.ts
FN:6,(anonymous_1)
FN:18,(anonymous_2)
FN:31,(anonymous_3)
FN:50,(anonymous_4)
FN:68,(anonymous_5)
FN:96,(anonymous_6)
FNF:6
FNH:5
FNDA:1,(anonymous_1)
FNDA:512,(anonymous_2)
FNDA:512,(anonymous_3)
FNDA:316,(anonymous_4)
FNDA:350,(anonymous_5)
FNDA:0,(anonymous_6)
DA:1,1
DA:2,1
DA:3,1
DA:5,1
DA:6,1
DA:7,1
DA:8,1
DA:10,1
DA:19,512
DA:20,512
DA:22,512
DA:25,512
DA:32,512
DA:33,512
DA:34,512
DA:35,512
DA:36,512
DA:37,512
DA:39,512
DA:40,512
DA:42,512
DA:51,316
DA:52,316
DA:53,316
DA:54,316
DA:56,316
DA:59,316
DA:60,316
DA:61,316
DA:63,316
DA:65,0
DA:70,350
DA:71,350
DA:87,320
DA:89,30
DA:90,30
DA:99,0
DA:100,0
DA:102,0
DA:105,0
LF:40
LH:35
BRDA:100,0,0,0
BRF:1
BRH:0
end_of_record
